\BOOKMARK [1][-]{section.1}{\376\377\000I\000n\000n\000l\000e\000d\000n\000i\000n\000g}{}% 1
\BOOKMARK [1][-]{section.2}{\376\377\000I\000n\000s\000t\000r\000u\000m\000e\000n\000t\000-\000\040\000o\000g\000\040\000k\000o\000m\000p\000o\000n\000e\000n\000t\000l\000i\000s\000t\000e}{}% 2
\BOOKMARK [2][-]{subsection.2.1}{\376\377\000I\000n\000s\000t\000r\000u\000m\000e\000n\000t\000l\000i\000s\000t\000e}{section.2}% 3
\BOOKMARK [2][-]{subsection.2.2}{\376\377\000K\000o\000m\000p\000o\000n\000e\000n\000t\000l\000i\000s\000t\000e}{section.2}% 4
\BOOKMARK [1][-]{section.3}{\376\377\000T\000e\000o\000r\000i}{}% 5
\BOOKMARK [2][-]{subsection.3.1}{\376\377\000V\000e\000k\000s\000e\000l\000s\000t\000r\000\370\000m}{section.3}% 6
\BOOKMARK [2][-]{subsection.3.2}{\376\377\000H\000a\000l\000v\000l\000e\000d\000e\000r\000d\000i\000o\000d\000e}{section.3}% 7
\BOOKMARK [3][-]{subsubsection.3.2.1}{\376\377\000O\000p\000p\000b\000y\000g\000n\000i\000n\000g\000\040\000o\000g\000\040\000v\000i\000r\000k\000e\000m\000\345\000t\000e}{subsection.3.2}% 8
\BOOKMARK [3][-]{subsubsection.3.2.2}{\376\377\000S\000t\000r\000\370\000m\000-\000s\000p\000e\000n\000n\000i\000n\000g\000k\000a\000r\000a\000k\000t\000e\000r\000i\000s\000t\000i\000k\000k}{subsection.3.2}% 9
\BOOKMARK [2][-]{subsection.3.3}{\376\377\000Z\000e\000n\000e\000r\000d\000i\000o\000d\000e}{section.3}% 10
\BOOKMARK [3][-]{subsubsection.3.3.1}{\376\377\000V\000i\000r\000k\000e\000m\000\345\000t\000e}{subsection.3.3}% 11
\BOOKMARK [3][-]{subsubsection.3.3.2}{\376\377\000P\000a\000r\000a\000m\000t\000e\000r\000e}{subsection.3.3}% 12
\BOOKMARK [3][-]{subsubsection.3.3.3}{\376\377\000B\000Z\000X\0005\0005\000/\000C\0006\000V\0008}{subsection.3.3}% 13
\BOOKMARK [2][-]{subsection.3.4}{\376\377\000K\000l\000i\000p\000p\000e\000k\000r\000e\000t\000s\000e\000r}{section.3}% 14
\BOOKMARK [2][-]{subsection.3.5}{\376\377\000K\000l\000i\000p\000p\000i\000n\000g\000\040\000m\000e\000d\000\040\000e\000n\000\040\000d\000i\000o\000d\000e}{section.3}% 15
\BOOKMARK [2][-]{subsection.3.6}{\376\377\000K\000l\000i\000p\000p\000i\000n\000g\000\040\000m\000e\000d\000\040\000t\000o\000\040\000d\000i\000o\000d\000e\000r}{section.3}% 16
\BOOKMARK [2][-]{subsection.3.7}{\376\377\000L\000i\000k\000e\000r\000e\000t\000t\000i\000n\000g}{section.3}% 17
\BOOKMARK [3][-]{subsubsection.3.7.1}{\376\377\000E\000n\000v\000e\000i\000s\000\040\000l\000i\000k\000e\000r\000e\000t\000t\000e\000r}{subsection.3.7}% 18
\BOOKMARK [3][-]{subsubsection.3.7.2}{\376\377\000T\000o\000v\000e\000i\000s\000\040\000l\000i\000k\000e\000r\000e\000t\000t\000e\000r}{subsection.3.7}% 19
\BOOKMARK [2][-]{subsection.3.8}{\376\377\000R\000i\000p\000p\000l\000e}{section.3}% 20
\BOOKMARK [3][-]{subsubsection.3.8.1}{\376\377\000\305\000r\000s\000a\000k\000\040\000t\000i\000l\000\040\000r\000i\000p\000p\000l\000e}{subsection.3.8}% 21
\BOOKMARK [3][-]{subsubsection.3.8.2}{\376\377\000R\000i\000p\000p\000l\000e\000-\000f\000a\000k\000t\000o\000r}{subsection.3.8}% 22
\BOOKMARK [2][-]{subsection.3.9}{\376\377\000R\000C\000-\000f\000i\000l\000t\000e\000r}{section.3}% 23
\BOOKMARK [3][-]{subsubsection.3.9.1}{\376\377\000K\000o\000n\000d\000e\000n\000s\000a\000t\000o\000r\000e\000n\000s\000\040\000v\000i\000r\000k\000e\000m\000\345\000t\000e}{subsection.3.9}% 24
\BOOKMARK [3][-]{subsubsection.3.9.2}{\376\377\000E\000f\000f\000e\000k\000t\000\040\000p\000\345\000\040\000l\000i\000k\000e\000r\000e\000t\000t\000e\000t\000\040\000s\000i\000g\000n\000a\000l}{subsection.3.9}% 25
\BOOKMARK [2][-]{subsection.3.10}{\376\377\000F\000o\000r\000h\000\345\000n\000d\000s\000b\000e\000r\000e\000g\000n\000i\000n\000g\000e\000r}{section.3}% 26
\BOOKMARK [3][-]{subsubsection.3.10.1}{\376\377\000E\000n\000k\000e\000l\000\040\000k\000l\000i\000p\000p\000e\000k\000r\000e\000t\000s}{subsection.3.10}% 27
\BOOKMARK [3][-]{subsubsection.3.10.2}{\376\377\000U\000t\000v\000i\000d\000e\000t\000\040\000k\000l\000i\000p\000p\000e\000k\000r\000e\000t\000s}{subsection.3.10}% 28
\BOOKMARK [3][-]{subsubsection.3.10.3}{\376\377\000K\000l\000i\000p\000p\000e\000k\000r\000e\000t\000s\000\040\000m\000e\000d\000\040\000z\000e\000n\000e\000r\000d\000i\000o\000d\000e\000r}{subsection.3.10}% 29
\BOOKMARK [3][-]{subsubsection.3.10.4}{\376\377\000K\000r\000e\000t\000s\000\040\000f\000o\000r\000\040\000e\000n\000v\000e\000i\000s\000\040\000l\000i\000k\000e\000r\000e\000t\000t\000i\000n\000g}{subsection.3.10}% 30
\BOOKMARK [3][-]{subsubsection.3.10.5}{\376\377\000K\000r\000e\000t\000s\000\040\000f\000o\000r\000\040\000t\000o\000v\000e\000i\000s\000\040\000l\000i\000k\000e\000r\000e\000t\000t\000i\000n\000g}{subsection.3.10}% 31
\BOOKMARK [3][-]{subsubsection.3.10.6}{\376\377\000T\000o\000v\000e\000i\000s\000\040\000l\000i\000k\000e\000r\000e\000t\000t\000e\000r\000\040\000m\000e\000d\000\040\000R\000C\000-\000l\000e\000d\000d}{subsection.3.10}% 32
\BOOKMARK [1][-]{section.4}{\376\377\000G\000j\000e\000n\000n\000o\000m\000f\000\370\000r\000i\000n\000g\000\040\000m\000e\000d\000\040\000m\000\345\000l\000e\000r\000e\000s\000u\000l\000t\000a\000t\000e\000r}{}% 33
\BOOKMARK [1][-]{section.5}{\376\377\000D\000i\000s\000k\000u\000s\000j\000o\000n}{}% 34
\BOOKMARK [1][-]{section.6}{\376\377\000K\000o\000n\000k\000l\000u\000s\000j\000o\000n}{}% 35
\BOOKMARK [1][-]{appendix.A}{\376\377\000V\000e\000d\000l\000e\000g\000g}{}% 36
\BOOKMARK [2][-]{subsection.A.1}{\376\377\000P\000y\000t\000h\000o\000n\000\040\000k\000o\000d\000e\000:}{appendix.A}% 37
